<?xml version="1.0" encoding="UTF-8"?>
<!-- Generated by org.testng.reporters.JUnitXMLReporter -->
<testsuite ignored="0" hostname="LAPTOP-2C3CKVD9" failures="1" tests="1" name="Surefire test" time="0.061" errors="0" timestamp="2025-01-06T15:42:08 EST">
  <testcase classname="GlobalDataPractice.JsonTest" name="integ" time="0.0">
    <failure type="java.lang.RuntimeException" message="java.lang.NoClassDefFoundError: org/apache/commons/io/FileUtils">
      <![CDATA[java.lang.RuntimeException: java.lang.NoClassDefFoundError: org/apache/commons/io/FileUtils
at java.base/java.util.ArrayList.forEach(ArrayList.java:1596)
Caused by: java.lang.NoClassDefFoundError: org/apache/commons/io/FileUtils
at GlobalData.jsonConversion.jsonCon(jsonConversion.java:18)
at GlobalDataPractice.JsonTest.getData(JsonTest.java:23)
... 30 more
Caused by: java.lang.ClassNotFoundException: org.apache.commons.io.FileUtils
at java.base/jdk.internal.loader.BuiltinClassLoader.loadClass(BuiltinClassLoader.java:641)
at java.base/jdk.internal.loader.ClassLoaders$AppClassLoader.loadClass(ClassLoaders.java:188)
at java.base/java.lang.ClassLoader.loadClass(ClassLoader.java:526)
... 37 more
... Removed 35 stack frames]]>
    </failure>
  </testcase> <!-- integ -->
</testsuite> <!-- Surefire test -->
