<?xml version="1.0" encoding="UTF-8"?>
<!-- Generated by org.testng.reporters.JUnitXMLReporter -->
<testsuite ignored="0" hostname="LAPTOP-2C3CKVD9" failures="0" tests="3" name="Test" time="0.198" errors="0" timestamp="2025-01-08T21:32:17 EST">
  <testcase classname="ListenersPackage.MainBlock" name="t1" time="0.027"/>
  <testcase classname="ListenersPackage.MainBlock" name="t2" time="0.008"/>
  <testcase classname="ListenersPackage.MainBlock" name="t3" time="0.006"/>
</testsuite> <!-- Test -->
