<?xml version="1.0" encoding="UTF-8"?>
<!-- Generated by org.testng.reporters.JUnitXMLReporter -->
<testsuite ignored="0" hostname="LAPTOP-2C3CKVD9" failures="0" tests="3" name="Test" time="0.077" errors="0" timestamp="2025-01-08T21:34:02 EST">
  <testcase classname="ListenersPackage.MainBlock" name="t1" time="0.018"/>
  <testcase classname="ListenersPackage.MainBlock" name="t2" time="0.002"/>
  <testcase classname="ListenersPackage.MainBlock" name="t3" time="0.002"/>
</testsuite> <!-- Test -->
