<?xml version="1.0" encoding="UTF-8"?>
<testng-results ignored="0" total="2" passed="2" failed="0" skipped="0">
  <reporter-output>
  </reporter-output>
  <suite started-at="2025-01-05T22:00:40 EST" name="Suite" finished-at="2025-01-05T22:00:40 EST" duration-ms="101">
    <groups>
    </groups>
    <test started-at="2025-01-05T22:00:40 EST" name="Test" finished-at="2025-01-05T22:00:40 EST" duration-ms="101">
      <class name="ListenersPackage.MainBlock">
        <test-method signature="t1()[pri:0, instance:ListenersPackage.MainBlock@268f106e]" started-at="2025-01-05T22:00:40 EST" name="t1" finished-at="2025-01-05T22:00:40 EST" duration-ms="40" status="PASS">
          <reporter-output>
          </reporter-output>
        </test-method> <!-- t1 -->
        <test-method signature="t2()[pri:0, instance:ListenersPackage.MainBlock@268f106e]" started-at="2025-01-05T22:00:40 EST" name="t2" finished-at="2025-01-05T22:00:40 EST" duration-ms="2" status="PASS">
          <reporter-output>
          </reporter-output>
        </test-method> <!-- t2 -->
      </class> <!-- ListenersPackage.MainBlock -->
    </test> <!-- Test -->
  </suite> <!-- Suite -->
</testng-results>
