<?xml version="1.0" encoding="UTF-8"?>
<testng-results ignored="0" total="3" passed="3" failed="0" skipped="0">
  <reporter-output>
  </reporter-output>
  <suite started-at="2025-01-08T21:32:17 EST" name="Suite" finished-at="2025-01-08T21:32:17 EST" duration-ms="198">
    <groups>
    </groups>
    <test started-at="2025-01-08T21:32:17 EST" name="Test" finished-at="2025-01-08T21:32:17 EST" duration-ms="198">
      <class name="ListenersPackage.MainBlock">
        <test-method signature="t1()[pri:0, instance:ListenersPackage.MainBlock@d23e042]" started-at="2025-01-08T21:32:17 EST" name="t1" finished-at="2025-01-08T21:32:17 EST" duration-ms="27" status="PASS">
          <reporter-output>
          </reporter-output>
        </test-method> <!-- t1 -->
        <test-method signature="t2()[pri:0, instance:ListenersPackage.MainBlock@d23e042]" started-at="2025-01-08T21:32:17 EST" name="t2" finished-at="2025-01-08T21:32:17 EST" duration-ms="8" status="PASS">
          <reporter-output>
          </reporter-output>
        </test-method> <!-- t2 -->
        <test-method signature="t3()[pri:0, instance:ListenersPackage.MainBlock@d23e042]" started-at="2025-01-08T21:32:17 EST" name="t3" finished-at="2025-01-08T21:32:17 EST" duration-ms="6" status="PASS">
          <reporter-output>
          </reporter-output>
        </test-method> <!-- t3 -->
      </class> <!-- ListenersPackage.MainBlock -->
    </test> <!-- Test -->
  </suite> <!-- Suite -->
</testng-results>
