<?xml version="1.0" encoding="UTF-8"?>
<testng-results ignored="0" total="2" passed="2" failed="0" skipped="0">
  <reporter-output>
  </reporter-output>
  <suite started-at="2025-01-05T21:49:54 EST" name="Default suite" finished-at="2025-01-05T21:49:55 EST" duration-ms="666">
    <groups>
    </groups>
    <test started-at="2025-01-05T21:49:54 EST" name="Default test" finished-at="2025-01-05T21:49:55 EST" duration-ms="666">
      <class name="GlobalDataPractice.JsonTest">
        <test-method signature="integ(java.util.HashMap)[pri:0, instance:GlobalDataPractice.JsonTest@3e694b3f]" started-at="2025-01-05T21:49:55 EST" name="integ" data-provider="getData" finished-at="2025-01-05T21:49:55 EST" duration-ms="10" status="PASS">
          <params>
            <param index="0">
              <value>
                <![CDATA[{name=yur}]]>
              </value>
            </param>
          </params>
          <reporter-output>
          </reporter-output>
        </test-method> <!-- integ -->
        <test-method signature="integ(java.util.HashMap)[pri:0, instance:GlobalDataPractice.JsonTest@3e694b3f]" started-at="2025-01-05T21:49:55 EST" name="integ" data-provider="getData" finished-at="2025-01-05T21:49:55 EST" duration-ms="3" status="PASS">
          <params>
            <param index="0">
              <value>
                <![CDATA[{name=hi}]]>
              </value>
            </param>
          </params>
          <reporter-output>
          </reporter-output>
        </test-method> <!-- integ -->
      </class> <!-- GlobalDataPractice.JsonTest -->
    </test> <!-- Default test -->
  </suite> <!-- Default suite -->
</testng-results>
